<?xml version="1.0" encoding="UTF-8"?>
<!-- Generated by org.testng.reporters.JUnitReportReporter -->
<testsuite skipped="0" hostname="LetsAutomate" name="com.computerDB.read.Read001" tests="1" failures="0" timestamp="05 Nov 2018 18:10:07 GMT" time="81.287" errors="0">
  <testcase name="readPositiveTestCase" time="81.287" classname="com.computerDB.read.Read001"/>
</testsuite> <!-- com.computerDB.read.Read001 -->
