<?xml version="1.0" encoding="UTF-8"?>
<!-- Generated by org.testng.reporters.JUnitReportReporter -->
<testsuite skipped="0" hostname="LetsAutomate" name="com.computerDB.read.Read001" tests="1" failures="0" timestamp="06 Nov 2018 01:23:20 GMT" time="29.577" errors="0">
  <testcase name="readPositiveTestCase" time="29.577" classname="com.computerDB.read.Read001"/>
</testsuite> <!-- com.computerDB.read.Read001 -->
