<?xml version="1.0" encoding="UTF-8"?>
<!-- Generated by org.testng.reporters.JUnitReportReporter -->
<testsuite skipped="0" hostname="LetsAutomate" name="com.computerDB.create.Create001" tests="1" failures="0" timestamp="06 Nov 2018 01:22:37 GMT" time="31.578" errors="0">
  <testcase name="createPositiveTestCase" time="31.578" classname="com.computerDB.create.Create001"/>
</testsuite> <!-- com.computerDB.create.Create001 -->
