<?xml version="1.0" encoding="UTF-8"?>
<!-- Generated by org.testng.reporters.JUnitReportReporter -->
<testsuite skipped="0" hostname="LetsAutomate" name="com.computerDB.create.Create001" tests="1" failures="0" timestamp="05 Nov 2018 14:55:34 GMT" time="96.771" errors="0">
  <testcase name="createPositiveTestCase" time="96.771" classname="com.computerDB.create.Create001"/>
</testsuite> <!-- com.computerDB.create.Create001 -->
